2022-09-01 08:08:27 200: https://l2l.leading2lean.com/api/1.0/users/clock_in_by_externalid/test/?auth=<APIKEY>
2022-09-01 08:08:27 Parameters: {'site': 25, 'linecode': 'Coil Line 2', 'auth': '<APIKEY>'}
2022-09-01 08:08:27 Response: {
    "success": false,
    "error": "Unable to find user for externalid: test"
}
2022-09-01 09:20:37 200: https://l2l.leading2lean.com/api/1.0/users/set_externalid/tyler/?auth=<APIKEY>
2022-09-01 09:21:18 200: https://l2l.leading2lean.com/api/1.0/users/set_externalid/tyler/?auth=<APIKEY>
2022-09-01 09:21:53 200: https://l2l.leading2lean.com/api/1.0/users/clock_in_by_externalid/0002706836/?auth=<APIKEY>
2022-09-01 09:23:12 200: https://l2l.leading2lean.com/api/1.0/users/clock_in_by_externalid/test/?auth=<APIKEY>
2022-09-01 09:23:12 Parameters: {'site': 25, 'linecode': 'Coil Line 2', 'auth': '<APIKEY>'}
2022-09-01 09:23:12 Response: {
    "success": false,
    "error": "Unable to find user for externalid: test"
}
2022-09-01 11:34:00 200: https://l2l.leading2lean.com/api/1.0/users/clock_in_by_externalid/test/?auth=<APIKEY>
2022-09-01 11:34:00 Parameters: {'site': 25, 'linecode': 'Coil Line 2', 'auth': '<APIKEY>'}
2022-09-01 11:34:00 Response: {
    "success": false,
    "error": "Unable to find user for externalid: test"
}
